#
# A fatal error has been detected by the Java Runtime Environment:
#
#  EXCEPTION_ACCESS_VIOLATION (0xc0000005) at pc=0x00007ffef085c277, pid=18960, tid=4556
#
# JRE version: Java(TM) SE Runtime Environment (23.0.1+11) (build 23.0.1+11-39)
# Java VM: Java HotSpot(TM) 64-Bit Server VM (23.0.1+11-39, mixed mode, sharing, tiered, compressed oops, compressed class ptrs, g1 gc, windows-amd64)
# Problematic frame:
# V  [jvm.dll+0x36c277]
#
# No core dump will be written. Minidumps are not enabled by default on client versions of Windows
#
# If you would like to submit a bug report, please visit:
#   https://bugreport.java.com/bugreport/crash.jsp
#

---------------  S U M M A R Y ------------

Command Line: -Dclassworlds.conf=C:\Program Files\NetBeans-23\netbeans\java\maven\bin\m2.conf -Dmaven.home=C:\Program Files\NetBeans-23\netbeans\java\maven -Dlibrary.jansi.path=C:\Program Files\NetBeans-23\netbeans\java\maven\lib\jansi-native -Dmaven.multiModuleProjectDirectory=C:\Users\Administrator\Desktop\INGANZAMARUMPU\biblioplus2 org.codehaus.plexus.classworlds.launcher.Launcher -Dmaven.ext.class.path=C:\Program Files\NetBeans-23\netbeans\java\maven-nblib\netbeans-eventspy.jar --no-transfer-progress install

Host: Intel(R) Core(TM) i7-8665U CPU @ 1.90GHz, 8 cores, 15G,  Windows 11 , 64 bit Build 22621 (10.0.22621.4391)
Time: Fri Nov 15 13:42:27 2024 South Africa Standard Time elapsed time: 1.397716 seconds (0d 0h 0m 1s)

---------------  T H R E A D  ---------------

Current thread (0x00000248465f0300):  WorkerThread "GC Thread#2"    [id=4556, stack(0x000000f3e6100000,0x000000f3e6200000) (1024K)]

Stack: [0x000000f3e6100000,0x000000f3e6200000],  sp=0x000000f3e61ff180,  free space=1020k
Native frames: (J=compiled Java code, j=interpreted, Vv=VM code, C=native code)
V  [jvm.dll+0x36c277]  (no source info available)
V  [jvm.dll+0x359baa]  (no source info available)
V  [jvm.dll+0x6b669c]  (no source info available)
V  [jvm.dll+0x359cf4]  (no source info available)
V  [jvm.dll+0x6b6b52]  (no source info available)
V  [jvm.dll+0x359b85]  (no source info available)
V  [jvm.dll+0x368b42]  (no source info available)
V  [jvm.dll+0x325eff]  (no source info available)
V  [jvm.dll+0x36898b]  (no source info available)
V  [jvm.dll+0x32a25c]  (no source info available)
V  [jvm.dll+0x32e2f0]  (no source info available)
V  [jvm.dll+0x369bc1]  (no source info available)
V  [jvm.dll+0x37517f]  (no source info available)
V  [jvm.dll+0x37543b]  (no source info available)
V  [jvm.dll+0x8ae1b7]  (no source info available)
V  [jvm.dll+0x824f8b]  (no source info available)
V  [jvm.dll+0x6df065]  (no source info available)
C  [ucrtbase.dll+0x29333]  (no source info available)
C  [KERNEL32.DLL+0x1259d]  (no source info available)
C  [ntdll.dll+0x5af38]  (no source info available)


siginfo: EXCEPTION_ACCESS_VIOLATION (0xc0000005), reading address 0x00000248fafdf571


Registers:
RAX=0x0000000038957b12, RBX=0x0000024859b00473, RCX=0x0000000000000015, RDX=0x000002485138d140
RSP=0x000000f3e61ff180, RBP=0x0000000000000000, RSI=0x0000024845f030c8, RDI=0x0000024845f03078
R8 =0x0000000000000000, R9 =0x00000248fafdf571, R10=0x000712af6258b849, R11=0x0000000000000000
R12=0x00007ffef0ed8f08, R13=0x0000000000000074, R14=0x0000024845ef8548, R15=0x000000000000f800
RIP=0x00007ffef085c277, EFLAGS=0x0000000000010216


Register to memory mapping:

RAX=0x0000000038957b12 is an unknown value
RBX=0x0000024859b00473 is at entry_point+851 in (nmethod*)0x0000024859afff08
Compiled method (c1) 1476  335       3       java.lang.invoke.LambdaForm$BasicType::basicType (187 bytes)
 total in heap  [0x0000024859afff08,0x0000024859b00be8] = 3296
 relocation     [0x0000024859afffe0,0x0000024859b00110] = 304
 main code      [0x0000024859b00120,0x0000024859b00b00] = 2528
 stub code      [0x0000024859b00b00,0x0000024859b00b98] = 152
 oops           [0x0000024859b00b98,0x0000024859b00ba8] = 16
 metadata       [0x0000024859b00ba8,0x0000024859b00be8] = 64
 immutable data [0x00000248453e5160,0x00000248453e53a0] = 576
 dependencies   [0x00000248453e5160,0x00000248453e5178] = 24
 nul chk table  [0x00000248453e5178,0x00000248453e5188] = 16
 scopes pcs     [0x00000248453e5188,0x00000248453e52c8] = 320
 scopes data    [0x00000248453e52c8,0x00000248453e53a0] = 216
RCX=0x0000000000000015 is an unknown value
RDX=0x000002485138d140 points into unknown readable memory: 0x00007ffef0ee9ba0 | a0 9b ee f0 fe 7f 00 00
RSP=0x000000f3e61ff180 points into unknown readable memory: 0x0000000000000000 | 00 00 00 00 00 00 00 00
RBP=0x0 is null
RSI=0x0000024845f030c8 points into unknown readable memory: 0x00007ffef0ef4548 | 48 45 ef f0 fe 7f 00 00
RDI=0x0000024845f03078 points into unknown readable memory: 0x00007ffef0ef45a0 | a0 45 ef f0 fe 7f 00 00
R8 =0x0 is null
R9 =0x00000248fafdf571 is an unknown value
R10=0x000712af6258b849 is an unknown value
R11=0x0 is null
R12=0x00007ffef0ed8f08 jvm.dll
R13=0x0000000000000074 is an unknown value
R14=0x0000024845ef8548 points into unknown readable memory: 0x0000024845fc56c0 | c0 56 fc 45 48 02 00 00
R15=0x000000000000f800 is an unknown value

Top of Stack: (sp=0x000000f3e61ff180)
0x000000f3e61ff180:   0000000000000000 0000024859b32308
0x000000f3e61ff190:   000000000000f800 0000024845ef8548
0x000000f3e61ff1a0:   0000024845f030c8 00007ffef0849baa
0x000000f3e61ff1b0:   0000024859b00473 000000f3e61ff370
0x000000f3e61ff1c0:   000002485138d140 000000f3e61ff5a0
0x000000f3e61ff1d0:   0000000000000800 00007ffef0ba669c
0x000000f3e61ff1e0:   00007ffef0ef4548 0000000000000000
0x000000f3e61ff1f0:   0000024845f030c8 00007ffef0d10001
0x000000f3e61ff200:   0000024859afff08 0000000000000000
0x000000f3e61ff210:   0000024859affffa 0000024859b00110
0x000000f3e61ff220:   0000024859afff08 0000024859b00471
0x000000f3e61ff230:   0000024859b32308 0000024859b32532
0x000000f3e61ff240:   0000000000000000 0000024859b00120
0x000000f3e61ff250:   0000024859b00120 0000024859b00b00
0x000000f3e61ff260:   0000024859b00120 0000024859b00b00
0x000000f3e61ff270:   0000024859b00b98 00007ffef0ed8f08
0x000000f3e61ff280:   000000f3e61ff208 0000024800000001
0x000000f3e61ff290:   0000024800000000 0000024859b32540
0x000000f3e61ff2a0:   0000a533b8666f6c 0000024859b33160
0x000000f3e61ff2b0:   0000024845de5e90 000000f3e61ff370
0x000000f3e61ff2c0:   000002485138d140 000000f3e61ff5a0
0x000000f3e61ff2d0:   0000024859afff08 0000024859afff08
0x000000f3e61ff2e0:   00000248705e5f80 00007ffef0849cf4
0x000000f3e61ff2f0:   000002485138d140 000000f3e61ff5a0
0x000000f3e61ff300:   0000024845f030c0 0000024859b32308
0x000000f3e61ff310:   000000f3e61ff420 00007ffef0ba6b52
0x000000f3e61ff320:   0000024859afff08 0000000000000000
0x000000f3e61ff330:   0000024859afff08 000000f3e61ff420
0x000000f3e61ff340:   00000000000000c0 00007ffef0849b85
0x000000f3e61ff350:   000000f3e61ff488 000000f3e61ff420
0x000000f3e61ff360:   000000f3e61ff420 00000000000000b3
0x000000f3e61ff370:   00007ffef0ef1d10 0000024845f030c0 

Instructions: (pc=0x00007ffef085c277)
0x00007ffef085c177:   00 00 0f b7 02 66 89 44 24 38 0f b6 42 02 88 44
0x00007ffef085c187:   24 3a 0f b6 44 24 39 84 c0 78 4d 49 8b 10 0f b6
0x00007ffef085c197:   c2 24 03 3c 03 75 06 48 83 e2 fc eb 27 0f b7 44
0x00007ffef085c1a7:   24 38 4c 8b ca 48 8b 4b 10 48 8d 54 24 40 66 89
0x00007ffef085c1b7:   44 24 40 0f b6 44 24 3a 88 44 24 42 e8 08 11 ff
0x00007ffef085c1c7:   ff 48 8b d0 48 2b 15 8e 78 87 00 8b 0d 90 78 87
0x00007ffef085c1d7:   00 48 d3 ea 89 17 eb 49 3c fd 75 39 41 8b 89 10
0x00007ffef085c1e7:   02 00 00 49 8b d0 49 8b 81 08 02 00 00 48 d3 e0
0x00007ffef085c1f7:   8b 0d 03 e1 8d 00 48 2b d0 48 d3 ea 8b c2 48 8d
0x00007ffef085c207:   0c 40 49 8b 81 a0 05 00 00 80 7c 01 01 fd 75 05
0x00007ffef085c217:   c6 44 01 01 ff 8b 53 18 48 8b 4b 28 e8 e8 d1 fa
0x00007ffef085c227:   ff 48 8b 4b 10 e8 6f eb fe ff 48 8b 5c 24 30 48
0x00007ffef085c237:   83 c4 20 5f c3 cc cc cc cc 48 89 5c 24 08 57 48
0x00007ffef085c247:   83 ec 20 4c 8b 12 48 8b da 48 8b f9 4d 85 d2 0f
0x00007ffef085c257:   84 bd 00 00 00 48 8b 51 08 49 8b c2 8b 8a c0 05
0x00007ffef085c267:   00 00 48 d3 e8 4c 8d 0c 40 4c 03 8a b0 05 00 00
0x00007ffef085c277:   41 0f b7 01 66 89 44 24 38 41 0f b6 41 02 88 44
0x00007ffef085c287:   24 3a 0f b6 44 24 39 84 c0 78 44 49 8b 0a 0f b6
0x00007ffef085c297:   c1 24 03 3c 03 75 09 48 83 e1 fc 48 89 0b eb 69
0x00007ffef085c2a7:   0f b7 44 24 38 48 8d 54 24 40 66 89 44 24 40 4c
0x00007ffef085c2b7:   8b c9 0f b6 44 24 3a 4d 8b c2 48 8b 4f 10 88 44
0x00007ffef085c2c7:   24 42 e8 02 10 ff ff 48 8b c8 48 89 03 eb 3a 3c
0x00007ffef085c2d7:   fd 75 36 8b 8a 10 02 00 00 48 8b 82 08 02 00 00
0x00007ffef085c2e7:   48 d3 e0 8b 0d 10 e0 8d 00 4c 2b d0 49 d3 ea 41
0x00007ffef085c2f7:   8b c2 48 8d 0c 40 48 8b 82 a0 05 00 00 80 7c 01
0x00007ffef085c307:   01 fd 75 05 c6 44 01 01 ff 48 8b 4f 10 e8 87 ea
0x00007ffef085c317:   fe ff 48 8b 5c 24 30 48 83 c4 20 5f c3 cc cc cc
0x00007ffef085c327:   cc cc cc cc cc cc cc cc cc 48 89 5c 24 08 57 48
0x00007ffef085c337:   83 ec 20 8b 02 48 8b fa 48 8b d9 85 c0 0f 84 d9
0x00007ffef085c347:   00 00 00 8b 0d 18 77 87 00 44 8b c0 4c 8b 4b 08
0x00007ffef085c357:   49 d3 e0 4c 03 05 ff 76 87 00 49 8b c0 41 8b 89
0x00007ffef085c367:   c0 05 00 00 48 d3 e8 48 8d 14 40 49 03 91 b0 05 


Stack slot to memory mapping:

stack at sp + 0 slots: 0x0 is null
stack at sp + 1 slots: 0x0000024859b32308 is at entry_point+-586 in (nmethod*)0x0000024859b32308
Compiled method (c1) 1506  479       3       jdk.internal.module.SystemModuleFinders$SystemModuleReader::find (59 bytes)
 total in heap  [0x0000024859b32308,0x0000024859b331f0] = 3816
 relocation     [0x0000024859b323e0,0x0000024859b32538] = 344
 main code      [0x0000024859b32540,0x0000024859b330a8] = 2920
 stub code      [0x0000024859b330a8,0x0000024859b33160] = 184
 oops           [0x0000024859b33160,0x0000024859b33170] = 16
 metadata       [0x0000024859b33170,0x0000024859b331f0] = 128
 immutable data [0x0000024845065200,0x00000248450655e8] = 1000
 dependencies   [0x0000024845065200,0x0000024845065228] = 40
 nul chk table  [0x0000024845065228,0x0000024845065240] = 24
 scopes pcs     [0x0000024845065240,0x0000024845065450] = 528
 scopes data    [0x0000024845065450,0x00000248450655e8] = 408
stack at sp + 2 slots: 0x000000000000f800 is an unknown value
stack at sp + 3 slots: 0x0000024845ef8548 points into unknown readable memory: 0x0000024845fc56c0 | c0 56 fc 45 48 02 00 00
stack at sp + 4 slots: 0x0000024845f030c8 points into unknown readable memory: 0x00007ffef0ef4548 | 48 45 ef f0 fe 7f 00 00
stack at sp + 5 slots: 0x00007ffef0849baa jvm.dll
stack at sp + 6 slots: 0x0000024859b00473 is at entry_point+851 in (nmethod*)0x0000024859afff08
Compiled method (c1) 1514  335       3       java.lang.invoke.LambdaForm$BasicType::basicType (187 bytes)
 total in heap  [0x0000024859afff08,0x0000024859b00be8] = 3296
 relocation     [0x0000024859afffe0,0x0000024859b00110] = 304
 main code      [0x0000024859b00120,0x0000024859b00b00] = 2528
 stub code      [0x0000024859b00b00,0x0000024859b00b98] = 152
 oops           [0x0000024859b00b98,0x0000024859b00ba8] = 16
 metadata       [0x0000024859b00ba8,0x0000024859b00be8] = 64
 immutable data [0x00000248453e5160,0x00000248453e53a0] = 576
 dependencies   [0x00000248453e5160,0x00000248453e5178] = 24
 nul chk table  [0x00000248453e5178,0x00000248453e5188] = 16
 scopes pcs     [0x00000248453e5188,0x00000248453e52c8] = 320
 scopes data    [0x00000248453e52c8,0x00000248453e53a0] = 216
stack at sp + 7 slots: 0x000000f3e61ff370 points into unknown readable memory: 0x00007ffef0ef1d10 | 10 1d ef f0 fe 7f 00 00


---------------  P R O C E S S  ---------------

Threads class SMR info:
_java_thread_list=0x0000024845fca5b0, length=13, elements={
0x000002484eff50b0, 0x0000024870741ca0, 0x0000024870742ac0, 0x0000024870745100,
0x0000024870747b70, 0x0000024870748be0, 0x0000024870751780, 0x0000024870759e00,
0x000002487075b3e0, 0x00000248451269e0, 0x0000024845127070, 0x000002487075dcc0,
0x000002487075ad10
}

Java Threads: ( => current thread )
  0x000002484eff50b0 JavaThread "main"                              [_thread_blocked, id=19716, stack(0x000000f3e4c00000,0x000000f3e4d00000) (1024K)]
  0x0000024870741ca0 JavaThread "Reference Handler"          daemon [_thread_blocked, id=3228, stack(0x000000f3e5400000,0x000000f3e5500000) (1024K)]
  0x0000024870742ac0 JavaThread "Finalizer"                  daemon [_thread_blocked, id=20024, stack(0x000000f3e5500000,0x000000f3e5600000) (1024K)]
  0x0000024870745100 JavaThread "Signal Dispatcher"          daemon [_thread_blocked, id=11708, stack(0x000000f3e5600000,0x000000f3e5700000) (1024K)]
  0x0000024870747b70 JavaThread "Attach Listener"            daemon [_thread_blocked, id=19104, stack(0x000000f3e5700000,0x000000f3e5800000) (1024K)]
  0x0000024870748be0 JavaThread "Service Thread"             daemon [_thread_blocked, id=19148, stack(0x000000f3e5800000,0x000000f3e5900000) (1024K)]
  0x0000024870751780 JavaThread "Monitor Deflation Thread"   daemon [_thread_blocked, id=8732, stack(0x000000f3e5900000,0x000000f3e5a00000) (1024K)]
  0x0000024870759e00 JavaThread "C2 CompilerThread0"         daemon [_thread_blocked, id=13680, stack(0x000000f3e5a00000,0x000000f3e5b00000) (1024K)]
  0x000002487075b3e0 JavaThread "C1 CompilerThread0"         daemon [_thread_blocked, id=14244, stack(0x000000f3e5b00000,0x000000f3e5c00000) (1024K)]
  0x00000248451269e0 JavaThread "Notification Thread"        daemon [_thread_blocked, id=9304, stack(0x000000f3e5c00000,0x000000f3e5d00000) (1024K)]
  0x0000024845127070 JavaThread "Common-Cleaner"             daemon [_thread_blocked, id=13296, stack(0x000000f3e5d00000,0x000000f3e5e00000) (1024K)]
  0x000002487075dcc0 JavaThread "C2 CompilerThread1"         daemon [_thread_blocked, id=9336, stack(0x000000f3e5e00000,0x000000f3e5f00000) (1024K)]
  0x000002487075ad10 JavaThread "C2 CompilerThread2"         daemon [_thread_blocked, id=1016, stack(0x000000f3e5f00000,0x000000f3e6000000) (1024K)]
Total: 13

Other Threads:
  0x0000024870727c20 VMThread "VM Thread"                           [id=9484, stack(0x000000f3e5300000,0x000000f3e5400000) (1024K)]
  0x0000024870716790 WatcherThread "VM Periodic Task Thread"        [id=17536, stack(0x000000f3e5200000,0x000000f3e5300000) (1024K)]
  0x00000248513e4460 WorkerThread "GC Thread#0"                     [id=17160, stack(0x000000f3e4d00000,0x000000f3e4e00000) (1024K)]
  0x00000248465eff50 WorkerThread "GC Thread#1"                     [id=10124, stack(0x000000f3e6000000,0x000000f3e6100000) (1024K)]
=>0x00000248465f0300 WorkerThread "GC Thread#2"                     [id=4556, stack(0x000000f3e6100000,0x000000f3e6200000) (1024K)]
  0x00000248465f06b0 WorkerThread "GC Thread#3"                     [id=16904, stack(0x000000f3e6200000,0x000000f3e6300000) (1024K)]
  0x00000248465f0a60 WorkerThread "GC Thread#4"                     [id=11760, stack(0x000000f3e6300000,0x000000f3e6400000) (1024K)]
  0x000002484643bb40 WorkerThread "GC Thread#5"                     [id=7976, stack(0x000000f3e6400000,0x000000f3e6500000) (1024K)]
  0x00000248513f9100 ConcurrentGCThread "G1 Main Marker"            [id=1920, stack(0x000000f3e4e00000,0x000000f3e4f00000) (1024K)]
  0x00000248513f9c10 WorkerThread "G1 Conc#0"                       [id=3204, stack(0x000000f3e4f00000,0x000000f3e5000000) (1024K)]
  0x00000248705e99d0 ConcurrentGCThread "G1 Refine#0"               [id=11632, stack(0x000000f3e5000000,0x000000f3e5100000) (1024K)]
  0x00000248705ea460 ConcurrentGCThread "G1 Service"                [id=8872, stack(0x000000f3e5100000,0x000000f3e5200000) (1024K)]
Total: 12

Threads with active compile tasks:
C2 CompilerThread0  1520 1256       4       sun.nio.cs.StreamDecoder::implRead (232 bytes)
C2 CompilerThread1  1520 1232       4       org.codehaus.plexus.util.InterpolationFilterReader::read (477 bytes)
C2 CompilerThread2  1520 1213       4       java.io.InputStreamReader::read (11 bytes)
Total: 3

VM state: at safepoint (normal execution)

VM Mutex/Monitor currently owned by a thread:  ([mutex/lock_event])
[0x00007ffef1163910] Threads_lock - owner thread: 0x0000024870727c20
[0x00007ffef1163a10] Heap_lock - owner thread: 0x000002484eff50b0

Heap address: 0x0000000702e00000, size: 4050 MB, Compressed Oops mode: Zero based, Oop shift amount: 3

CDS archive(s) mapped at: [0x0000024800000000-0x0000024800d70000-0x0000024800d70000), size 14090240, SharedBaseAddress: 0x0000024800000000, ArchiveRelocationMode: 1.
Compressed class space mapped at: 0x0000024801000000-0x0000024841000000, reserved size: 1073741824
Narrow klass base: 0x0000024800000000, Narrow klass shift: 0, Narrow klass range: 0x41000000

GC Precious Log:
 CardTable entry size: 512
 Card Set container configuration: InlinePtr #cards 4 size 8 Array Of Cards #cards 16 size 48 Howl #buckets 8 coarsen threshold 3686 Howl Bitmap #cards 512 size 80 coarsen threshold 460 Card regions per heap region 1 cards per card region 4096
 CPUs: 8 total, 8 available
 Memory: 16198M
 Large Page Support: Disabled
 NUMA Support: Disabled
 Compressed Oops: Enabled (Zero based)
 Heap Region Size: 2M
 Heap Min Capacity: 8M
 Heap Initial Capacity: 254M
 Heap Max Capacity: 4050M
 Pre-touch: Disabled
 Parallel Workers: 8
 Concurrent Workers: 2
 Concurrent Refinement Workers: 8
 Periodic GC: Disabled

Heap:
 garbage-first heap   total reserved 4147200K, committed 260096K, used 24576K [0x0000000702e00000, 0x0000000800000000)
  region size 2048K, 14 young (28672K), 2 survivors (4096K)
 Metaspace       used 5952K, committed 6144K, reserved 1114112K
  class space    used 731K, committed 832K, reserved 1048576K

Heap Regions: E=young(eden), S=young(survivor), O=old, HS=humongous(starts), HC=humongous(continues), CS=collection set, F=free, TAMS=top-at-mark-start, PB=parsable bottom
|   0|0x0000000702e00000, 0x0000000702e00000, 0x0000000703000000|  0%| F|  |TAMS 0x0000000702e00000| PB 0x0000000702e00000| Untracked |  0
|   1|0x0000000703000000, 0x0000000703000000, 0x0000000703200000|  0%| F|  |TAMS 0x0000000703000000| PB 0x0000000703000000| Untracked |  0
|   2|0x0000000703200000, 0x0000000703200000, 0x0000000703400000|  0%| F|  |TAMS 0x0000000703200000| PB 0x0000000703200000| Untracked |  0
|   3|0x0000000703400000, 0x0000000703400000, 0x0000000703600000|  0%| F|  |TAMS 0x0000000703400000| PB 0x0000000703400000| Untracked |  0
|   4|0x0000000703600000, 0x0000000703600000, 0x0000000703800000|  0%| F|  |TAMS 0x0000000703600000| PB 0x0000000703600000| Untracked |  0
|   5|0x0000000703800000, 0x0000000703800000, 0x0000000703a00000|  0%| F|  |TAMS 0x0000000703800000| PB 0x0000000703800000| Untracked |  0
|   6|0x0000000703a00000, 0x0000000703a00000, 0x0000000703c00000|  0%| F|  |TAMS 0x0000000703a00000| PB 0x0000000703a00000| Untracked |  0
|   7|0x0000000703c00000, 0x0000000703c00000, 0x0000000703e00000|  0%| F|  |TAMS 0x0000000703c00000| PB 0x0000000703c00000| Untracked |  0
|   8|0x0000000703e00000, 0x0000000703e00000, 0x0000000704000000|  0%| F|  |TAMS 0x0000000703e00000| PB 0x0000000703e00000| Untracked |  0
|   9|0x0000000704000000, 0x0000000704000000, 0x0000000704200000|  0%| F|  |TAMS 0x0000000704000000| PB 0x0000000704000000| Untracked |  0
|  10|0x0000000704200000, 0x0000000704200000, 0x0000000704400000|  0%| F|  |TAMS 0x0000000704200000| PB 0x0000000704200000| Untracked |  0
|  11|0x0000000704400000, 0x0000000704400000, 0x0000000704600000|  0%| F|  |TAMS 0x0000000704400000| PB 0x0000000704400000| Untracked |  0
|  12|0x0000000704600000, 0x0000000704600000, 0x0000000704800000|  0%| F|  |TAMS 0x0000000704600000| PB 0x0000000704600000| Untracked |  0
|  13|0x0000000704800000, 0x0000000704800000, 0x0000000704a00000|  0%| F|  |TAMS 0x0000000704800000| PB 0x0000000704800000| Untracked |  0
|  14|0x0000000704a00000, 0x0000000704a00000, 0x0000000704c00000|  0%| F|  |TAMS 0x0000000704a00000| PB 0x0000000704a00000| Untracked |  0
|  15|0x0000000704c00000, 0x0000000704c00000, 0x0000000704e00000|  0%| F|  |TAMS 0x0000000704c00000| PB 0x0000000704c00000| Untracked |  0
|  16|0x0000000704e00000, 0x0000000704e00000, 0x0000000705000000|  0%| F|  |TAMS 0x0000000704e00000| PB 0x0000000704e00000| Untracked |  0
|  17|0x0000000705000000, 0x0000000705000000, 0x0000000705200000|  0%| F|  |TAMS 0x0000000705000000| PB 0x0000000705000000| Untracked |  0
|  18|0x0000000705200000, 0x0000000705200000, 0x0000000705400000|  0%| F|  |TAMS 0x0000000705200000| PB 0x0000000705200000| Untracked |  0
|  19|0x0000000705400000, 0x0000000705400000, 0x0000000705600000|  0%| F|  |TAMS 0x0000000705400000| PB 0x0000000705400000| Untracked |  0
|  20|0x0000000705600000, 0x0000000705600000, 0x0000000705800000|  0%| F|  |TAMS 0x0000000705600000| PB 0x0000000705600000| Untracked |  0
|  21|0x0000000705800000, 0x0000000705800000, 0x0000000705a00000|  0%| F|  |TAMS 0x0000000705800000| PB 0x0000000705800000| Untracked |  0
|  22|0x0000000705a00000, 0x0000000705a00000, 0x0000000705c00000|  0%| F|  |TAMS 0x0000000705a00000| PB 0x0000000705a00000| Untracked |  0
|  23|0x0000000705c00000, 0x0000000705c00000, 0x0000000705e00000|  0%| F|  |TAMS 0x0000000705c00000| PB 0x0000000705c00000| Untracked |  0
|  24|0x0000000705e00000, 0x0000000705e00000, 0x0000000706000000|  0%| F|  |TAMS 0x0000000705e00000| PB 0x0000000705e00000| Untracked |  0
|  25|0x0000000706000000, 0x0000000706000000, 0x0000000706200000|  0%| F|  |TAMS 0x0000000706000000| PB 0x0000000706000000| Untracked |  0
|  26|0x0000000706200000, 0x0000000706200000, 0x0000000706400000|  0%| F|  |TAMS 0x0000000706200000| PB 0x0000000706200000| Untracked |  0
|  27|0x0000000706400000, 0x0000000706400000, 0x0000000706600000|  0%| F|  |TAMS 0x0000000706400000| PB 0x0000000706400000| Untracked |  0
|  28|0x0000000706600000, 0x0000000706600000, 0x0000000706800000|  0%| F|  |TAMS 0x0000000706600000| PB 0x0000000706600000| Untracked |  0
|  29|0x0000000706800000, 0x0000000706800000, 0x0000000706a00000|  0%| F|  |TAMS 0x0000000706800000| PB 0x0000000706800000| Untracked |  0
|  30|0x0000000706a00000, 0x0000000706a00000, 0x0000000706c00000|  0%| F|  |TAMS 0x0000000706a00000| PB 0x0000000706a00000| Untracked |  0
|  31|0x0000000706c00000, 0x0000000706c00000, 0x0000000706e00000|  0%| F|  |TAMS 0x0000000706c00000| PB 0x0000000706c00000| Untracked |  0
|  32|0x0000000706e00000, 0x0000000706e00000, 0x0000000707000000|  0%| F|  |TAMS 0x0000000706e00000| PB 0x0000000706e00000| Untracked |  0
|  33|0x0000000707000000, 0x0000000707000000, 0x0000000707200000|  0%| F|  |TAMS 0x0000000707000000| PB 0x0000000707000000| Untracked |  0
|  34|0x0000000707200000, 0x0000000707200000, 0x0000000707400000|  0%| F|  |TAMS 0x0000000707200000| PB 0x0000000707200000| Untracked |  0
|  35|0x0000000707400000, 0x0000000707400000, 0x0000000707600000|  0%| F|  |TAMS 0x0000000707400000| PB 0x0000000707400000| Untracked |  0
|  36|0x0000000707600000, 0x0000000707600000, 0x0000000707800000|  0%| F|  |TAMS 0x0000000707600000| PB 0x0000000707600000| Untracked |  0
|  37|0x0000000707800000, 0x0000000707800000, 0x0000000707a00000|  0%| F|  |TAMS 0x0000000707800000| PB 0x0000000707800000| Untracked |  0
|  38|0x0000000707a00000, 0x0000000707a00000, 0x0000000707c00000|  0%| F|  |TAMS 0x0000000707a00000| PB 0x0000000707a00000| Untracked |  0
|  39|0x0000000707c00000, 0x0000000707c00000, 0x0000000707e00000|  0%| F|  |TAMS 0x0000000707c00000| PB 0x0000000707c00000| Untracked |  0
|  40|0x0000000707e00000, 0x0000000707e00000, 0x0000000708000000|  0%| F|  |TAMS 0x0000000707e00000| PB 0x0000000707e00000| Untracked |  0
|  41|0x0000000708000000, 0x0000000708000000, 0x0000000708200000|  0%| F|  |TAMS 0x0000000708000000| PB 0x0000000708000000| Untracked |  0
|  42|0x0000000708200000, 0x0000000708200000, 0x0000000708400000|  0%| F|  |TAMS 0x0000000708200000| PB 0x0000000708200000| Untracked |  0
|  43|0x0000000708400000, 0x0000000708400000, 0x0000000708600000|  0%| F|  |TAMS 0x0000000708400000| PB 0x0000000708400000| Untracked |  0
|  44|0x0000000708600000, 0x0000000708600000, 0x0000000708800000|  0%| F|  |TAMS 0x0000000708600000| PB 0x0000000708600000| Untracked |  0
|  45|0x0000000708800000, 0x0000000708800000, 0x0000000708a00000|  0%| F|  |TAMS 0x0000000708800000| PB 0x0000000708800000| Untracked |  0
|  46|0x0000000708a00000, 0x0000000708a00000, 0x0000000708c00000|  0%| F|  |TAMS 0x0000000708a00000| PB 0x0000000708a00000| Untracked |  0
|  47|0x0000000708c00000, 0x0000000708c00000, 0x0000000708e00000|  0%| F|  |TAMS 0x0000000708c00000| PB 0x0000000708c00000| Untracked |  0
|  48|0x0000000708e00000, 0x0000000708e00000, 0x0000000709000000|  0%| F|  |TAMS 0x0000000708e00000| PB 0x0000000708e00000| Untracked |  0
|  49|0x0000000709000000, 0x0000000709000000, 0x0000000709200000|  0%| F|  |TAMS 0x0000000709000000| PB 0x0000000709000000| Untracked |  0
|  50|0x0000000709200000, 0x0000000709200000, 0x0000000709400000|  0%| F|  |TAMS 0x0000000709200000| PB 0x0000000709200000| Untracked |  0
|  51|0x0000000709400000, 0x0000000709400000, 0x0000000709600000|  0%| F|  |TAMS 0x0000000709400000| PB 0x0000000709400000| Untracked |  0
|  52|0x0000000709600000, 0x0000000709600000, 0x0000000709800000|  0%| F|  |TAMS 0x0000000709600000| PB 0x0000000709600000| Untracked |  0
|  53|0x0000000709800000, 0x0000000709800000, 0x0000000709a00000|  0%| F|  |TAMS 0x0000000709800000| PB 0x0000000709800000| Untracked |  0
|  54|0x0000000709a00000, 0x0000000709a00000, 0x0000000709c00000|  0%| F|  |TAMS 0x0000000709a00000| PB 0x0000000709a00000| Untracked |  0
|  55|0x0000000709c00000, 0x0000000709c00000, 0x0000000709e00000|  0%| F|  |TAMS 0x0000000709c00000| PB 0x0000000709c00000| Untracked |  0
|  56|0x0000000709e00000, 0x0000000709e00000, 0x000000070a000000|  0%| F|  |TAMS 0x0000000709e00000| PB 0x0000000709e00000| Untracked |  0
|  57|0x000000070a000000, 0x000000070a000000, 0x000000070a200000|  0%| F|  |TAMS 0x000000070a000000| PB 0x000000070a000000| Untracked |  0
|  58|0x000000070a200000, 0x000000070a200000, 0x000000070a400000|  0%| F|  |TAMS 0x000000070a200000| PB 0x000000070a200000| Untracked |  0
|  59|0x000000070a400000, 0x000000070a400000, 0x000000070a600000|  0%| F|  |TAMS 0x000000070a400000| PB 0x000000070a400000| Untracked |  0
|  60|0x000000070a600000, 0x000000070a600000, 0x000000070a800000|  0%| F|  |TAMS 0x000000070a600000| PB 0x000000070a600000| Untracked |  0
|  61|0x000000070a800000, 0x000000070a800000, 0x000000070aa00000|  0%| F|  |TAMS 0x000000070a800000| PB 0x000000070a800000| Untracked |  0
|  62|0x000000070aa00000, 0x000000070aa00000, 0x000000070ac00000|  0%| F|  |TAMS 0x000000070aa00000| PB 0x000000070aa00000| Untracked |  0
|  63|0x000000070ac00000, 0x000000070ac00000, 0x000000070ae00000|  0%| F|  |TAMS 0x000000070ac00000| PB 0x000000070ac00000| Untracked |  0
|  64|0x000000070ae00000, 0x000000070ae00000, 0x000000070b000000|  0%| F|  |TAMS 0x000000070ae00000| PB 0x000000070ae00000| Untracked |  0
|  65|0x000000070b000000, 0x000000070b000000, 0x000000070b200000|  0%| F|  |TAMS 0x000000070b000000| PB 0x000000070b000000| Untracked |  0
|  66|0x000000070b200000, 0x000000070b200000, 0x000000070b400000|  0%| F|  |TAMS 0x000000070b200000| PB 0x000000070b200000| Untracked |  0
|  67|0x000000070b400000, 0x000000070b400000, 0x000000070b600000|  0%| F|  |TAMS 0x000000070b400000| PB 0x000000070b400000| Untracked |  0
|  68|0x000000070b600000, 0x000000070b600000, 0x000000070b800000|  0%| F|  |TAMS 0x000000070b600000| PB 0x000000070b600000| Untracked |  0
|  69|0x000000070b800000, 0x000000070b800000, 0x000000070ba00000|  0%| F|  |TAMS 0x000000070b800000| PB 0x000000070b800000| Untracked |  0
|  70|0x000000070ba00000, 0x000000070ba00000, 0x000000070bc00000|  0%| F|  |TAMS 0x000000070ba00000| PB 0x000000070ba00000| Untracked |  0
|  71|0x000000070bc00000, 0x000000070bc00000, 0x000000070be00000|  0%| F|  |TAMS 0x000000070bc00000| PB 0x000000070bc00000| Untracked |  0
|  72|0x000000070be00000, 0x000000070be00000, 0x000000070c000000|  0%| F|  |TAMS 0x000000070be00000| PB 0x000000070be00000| Untracked |  0
|  73|0x000000070c000000, 0x000000070c000000, 0x000000070c200000|  0%| F|  |TAMS 0x000000070c000000| PB 0x000000070c000000| Untracked |  0
|  74|0x000000070c200000, 0x000000070c200000, 0x000000070c400000|  0%| F|  |TAMS 0x000000070c200000| PB 0x000000070c200000| Untracked |  0
|  75|0x000000070c400000, 0x000000070c400000, 0x000000070c600000|  0%| F|  |TAMS 0x000000070c400000| PB 0x000000070c400000| Untracked |  0
|  76|0x000000070c600000, 0x000000070c600000, 0x000000070c800000|  0%| F|  |TAMS 0x000000070c600000| PB 0x000000070c600000| Untracked |  0
|  77|0x000000070c800000, 0x000000070c800000, 0x000000070ca00000|  0%| F|  |TAMS 0x000000070c800000| PB 0x000000070c800000| Untracked |  0
|  78|0x000000070ca00000, 0x000000070ca00000, 0x000000070cc00000|  0%| F|  |TAMS 0x000000070ca00000| PB 0x000000070ca00000| Untracked |  0
|  79|0x000000070cc00000, 0x000000070cc00000, 0x000000070ce00000|  0%| F|  |TAMS 0x000000070cc00000| PB 0x000000070cc00000| Untracked |  0
|  80|0x000000070ce00000, 0x000000070ce00000, 0x000000070d000000|  0%| F|  |TAMS 0x000000070ce00000| PB 0x000000070ce00000| Untracked |  0
|  81|0x000000070d000000, 0x000000070d000000, 0x000000070d200000|  0%| F|  |TAMS 0x000000070d000000| PB 0x000000070d000000| Untracked |  0
|  82|0x000000070d200000, 0x000000070d200000, 0x000000070d400000|  0%| F|  |TAMS 0x000000070d200000| PB 0x000000070d200000| Untracked |  0
|  83|0x000000070d400000, 0x000000070d400000, 0x000000070d600000|  0%| F|  |TAMS 0x000000070d400000| PB 0x000000070d400000| Untracked |  0
|  84|0x000000070d600000, 0x000000070d600000, 0x000000070d800000|  0%| F|  |TAMS 0x000000070d600000| PB 0x000000070d600000| Untracked |  0
|  85|0x000000070d800000, 0x000000070d800000, 0x000000070da00000|  0%| F|  |TAMS 0x000000070d800000| PB 0x000000070d800000| Untracked |  0
|  86|0x000000070da00000, 0x000000070da00000, 0x000000070dc00000|  0%| F|  |TAMS 0x000000070da00000| PB 0x000000070da00000| Untracked |  0
|  87|0x000000070dc00000, 0x000000070dc00000, 0x000000070de00000|  0%| F|  |TAMS 0x000000070dc00000| PB 0x000000070dc00000| Untracked |  0
|  88|0x000000070de00000, 0x000000070de00000, 0x000000070e000000|  0%| F|  |TAMS 0x000000070de00000| PB 0x000000070de00000| Untracked |  0
|  89|0x000000070e000000, 0x000000070e000000, 0x000000070e200000|  0%| F|  |TAMS 0x000000070e000000| PB 0x000000070e000000| Untracked |  0
|  90|0x000000070e200000, 0x000000070e200000, 0x000000070e400000|  0%| F|  |TAMS 0x000000070e200000| PB 0x000000070e200000| Untracked |  0
|  91|0x000000070e400000, 0x000000070e400000, 0x000000070e600000|  0%| F|  |TAMS 0x000000070e400000| PB 0x000000070e400000| Untracked |  0
|  92|0x000000070e600000, 0x000000070e600000, 0x000000070e800000|  0%| F|  |TAMS 0x000000070e600000| PB 0x000000070e600000| Untracked |  0
|  93|0x000000070e800000, 0x000000070e800000, 0x000000070ea00000|  0%| F|  |TAMS 0x000000070e800000| PB 0x000000070e800000| Untracked |  0
|  94|0x000000070ea00000, 0x000000070ea00000, 0x000000070ec00000|  0%| F|  |TAMS 0x000000070ea00000| PB 0x000000070ea00000| Untracked |  0
|  95|0x000000070ec00000, 0x000000070ec00000, 0x000000070ee00000|  0%| F|  |TAMS 0x000000070ec00000| PB 0x000000070ec00000| Untracked |  0
|  96|0x000000070ee00000, 0x000000070ee00000, 0x000000070f000000|  0%| F|  |TAMS 0x000000070ee00000| PB 0x000000070ee00000| Untracked |  0
|  97|0x000000070f000000, 0x000000070f000000, 0x000000070f200000|  0%| F|  |TAMS 0x000000070f000000| PB 0x000000070f000000| Untracked |  0
|  98|0x000000070f200000, 0x000000070f200000, 0x000000070f400000|  0%| F|  |TAMS 0x000000070f200000| PB 0x000000070f200000| Untracked |  0
|  99|0x000000070f400000, 0x000000070f400000, 0x000000070f600000|  0%| F|  |TAMS 0x000000070f400000| PB 0x000000070f400000| Untracked |  0
| 100|0x000000070f600000, 0x000000070f600000, 0x000000070f800000|  0%| F|  |TAMS 0x000000070f600000| PB 0x000000070f600000| Untracked |  0
| 101|0x000000070f800000, 0x000000070f800000, 0x000000070fa00000|  0%| F|  |TAMS 0x000000070f800000| PB 0x000000070f800000| Untracked |  0
| 102|0x000000070fa00000, 0x000000070fa00000, 0x000000070fc00000|  0%| F|  |TAMS 0x000000070fa00000| PB 0x000000070fa00000| Untracked |  0
| 103|0x000000070fc00000, 0x000000070fc00000, 0x000000070fe00000|  0%| F|  |TAMS 0x000000070fc00000| PB 0x000000070fc00000| Untracked |  0
| 104|0x000000070fe00000, 0x000000070fe00000, 0x0000000710000000|  0%| F|  |TAMS 0x000000070fe00000| PB 0x000000070fe00000| Untracked |  0
| 105|0x0000000710000000, 0x0000000710000000, 0x0000000710200000|  0%| F|  |TAMS 0x0000000710000000| PB 0x0000000710000000| Untracked |  0
| 106|0x0000000710200000, 0x0000000710200000, 0x0000000710400000|  0%| F|  |TAMS 0x0000000710200000| PB 0x0000000710200000| Untracked |  0
| 107|0x0000000710400000, 0x0000000710400000, 0x0000000710600000|  0%| F|  |TAMS 0x0000000710400000| PB 0x0000000710400000| Untracked |  0
| 108|0x0000000710600000, 0x0000000710600000, 0x0000000710800000|  0%| F|  |TAMS 0x0000000710600000| PB 0x0000000710600000| Untracked |  0
| 109|0x0000000710800000, 0x0000000710800000, 0x0000000710a00000|  0%| F|  |TAMS 0x0000000710800000| PB 0x0000000710800000| Untracked |  0
| 110|0x0000000710a00000, 0x0000000710a00000, 0x0000000710c00000|  0%| F|  |TAMS 0x0000000710a00000| PB 0x0000000710a00000| Untracked |  0
| 111|0x0000000710c00000, 0x0000000710c00000, 0x0000000710e00000|  0%| F|  |TAMS 0x0000000710c00000| PB 0x0000000710c00000| Untracked |  0
| 112|0x0000000710e00000, 0x0000000710e00000, 0x0000000711000000|  0%| F|  |TAMS 0x0000000710e00000| PB 0x0000000710e00000| Untracked |  0
| 113|0x0000000711000000, 0x00000007111f54d8, 0x0000000711200000| 97%| S|  |TAMS 0x0000000711000000| PB 0x0000000711000000| Complete |  0
| 114|0x0000000711200000, 0x0000000711400000, 0x0000000711400000|100%| S|  |TAMS 0x0000000711200000| PB 0x0000000711200000| Complete |  0
| 115|0x0000000711400000, 0x0000000711600000, 0x0000000711600000|100%| E|CS|TAMS 0x0000000711400000| PB 0x0000000711400000| Complete |  0
| 116|0x0000000711600000, 0x0000000711800000, 0x0000000711800000|100%| E|CS|TAMS 0x0000000711600000| PB 0x0000000711600000| Complete |  0
| 117|0x0000000711800000, 0x0000000711a00000, 0x0000000711a00000|100%| E|CS|TAMS 0x0000000711800000| PB 0x0000000711800000| Complete |  0
| 118|0x0000000711a00000, 0x0000000711c00000, 0x0000000711c00000|100%| E|CS|TAMS 0x0000000711a00000| PB 0x0000000711a00000| Complete |  0
| 119|0x0000000711c00000, 0x0000000711e00000, 0x0000000711e00000|100%| E|CS|TAMS 0x0000000711c00000| PB 0x0000000711c00000| Complete |  0
| 120|0x0000000711e00000, 0x0000000712000000, 0x0000000712000000|100%| E|CS|TAMS 0x0000000711e00000| PB 0x0000000711e00000| Complete |  0
| 121|0x0000000712000000, 0x0000000712200000, 0x0000000712200000|100%| E|CS|TAMS 0x0000000712000000| PB 0x0000000712000000| Complete |  0
| 122|0x0000000712200000, 0x0000000712400000, 0x0000000712400000|100%| E|CS|TAMS 0x0000000712200000| PB 0x0000000712200000| Complete |  0
| 123|0x0000000712400000, 0x0000000712600000, 0x0000000712600000|100%| E|CS|TAMS 0x0000000712400000| PB 0x0000000712400000| Complete |  0
| 124|0x0000000712600000, 0x0000000712800000, 0x0000000712800000|100%| E|CS|TAMS 0x0000000712600000| PB 0x0000000712600000| Complete |  0
| 125|0x0000000712800000, 0x0000000712a00000, 0x0000000712a00000|100%| E|CS|TAMS 0x0000000712800000| PB 0x0000000712800000| Complete |  0
| 126|0x0000000712a00000, 0x0000000712c00000, 0x0000000712c00000|100%| E|CS|TAMS 0x0000000712a00000| PB 0x0000000712a00000| Complete |  0

Card table byte_map: [0x00000248695d0000,0x0000024869dc0000] _byte_map_base: 0x0000024865db9000

Marking Bits: (CMBitMap*) 0x00000248513e4b70
 Bits: [0x0000024869dc0000, 0x000002486dd08000)

Polling page: 0x000002484f220000

Metaspace:

Usage:
  Non-class:      5.10 MB used.
      Class:    731.11 KB used.
       Both:      5.81 MB used.

Virtual space:
  Non-class space:       64.00 MB reserved,       5.19 MB (  8%) committed,  1 nodes.
      Class space:        1.00 GB reserved,     832.00 KB ( <1%) committed,  1 nodes.
             Both:        1.06 GB reserved,       6.00 MB ( <1%) committed. 

Chunk freelists:
   Non-Class:  9.22 MB
       Class:  15.02 MB
        Both:  24.23 MB

MaxMetaspaceSize: unlimited
CompressedClassSpaceSize: 1.00 GB
Initial GC threshold: 21.00 MB
Current GC threshold: 21.00 MB
CDS: on
 - commit_granule_bytes: 65536.
 - commit_granule_words: 8192.
 - virtual_space_node_default_size: 8388608.
 - enlarge_chunks_in_place: 1.
 - use_allocation_guard: 0.


Internal statistics:

num_allocs_failed_limit: 0.
num_arena_births: 58.
num_arena_deaths: 0.
num_vsnodes_births: 2.
num_vsnodes_deaths: 0.
num_space_committed: 96.
num_space_uncommitted: 0.
num_chunks_returned_to_freelist: 0.
num_chunks_taken_from_freelist: 227.
num_chunk_merges: 0.
num_chunk_splits: 139.
num_chunks_enlarged: 111.
num_inconsistent_stats: 0.

CodeHeap 'non-profiled nmethods': size=120064Kb used=371Kb max_used=371Kb free=119692Kb
 bounds [0x0000024861570000, 0x00000248617e0000, 0x0000024868ab0000]
CodeHeap 'profiled nmethods': size=120000Kb used=1813Kb max_used=1813Kb free=118187Kb
 bounds [0x0000024859ab0000, 0x0000024859d20000, 0x0000024860fe0000]
CodeHeap 'non-nmethods': size=5696Kb used=1360Kb max_used=1390Kb free=4335Kb
 bounds [0x0000024860fe0000, 0x0000024861250000, 0x0000024861570000]
CodeCache: size=245760Kb, used=3544Kb, max_used=3574Kb, free=242214Kb
 total_blobs=1720, nmethods=1248, adapters=378, full_count=0
Compilation: enabled, stopped_count=0, restarted_count=0

Compilation events (20 events):
Event: 1.355 Thread 0x0000024870759e00 nmethod 1208 0x00000248615c6408 code [0x00000248615c6740, 0x00000248615c9108]
Event: 1.355 Thread 0x0000024870759e00 1256       4       sun.nio.cs.StreamDecoder::implRead (232 bytes)
Event: 1.361 Thread 0x000002487075b3e0 1263   !   3       sun.nio.cs.StreamDecoder::read (78 bytes)
Event: 1.362 Thread 0x000002487075dcc0 nmethod 1209 0x00000248615c9288 code [0x00000248615c95c0, 0x00000248615cbe98]
Event: 1.362 Thread 0x000002487075b3e0 nmethod 1263 0x0000024859c72988 code [0x0000024859c72b80, 0x0000024859c73a30]
Event: 1.363 Thread 0x000002487075dcc0 1264       4       jdk.internal.misc.InternalLock::unlock (8 bytes)
Event: 1.365 Thread 0x000002487075dcc0 nmethod 1264 0x00000248615cc008 code [0x00000248615cc120, 0x00000248615cc2a0]
Event: 1.365 Thread 0x000002487075dcc0 1231       4       org.codehaus.plexus.util.xml.XmlReader::read (11 bytes)
Event: 1.371 Thread 0x000002487075b3e0 1265       2       java.util.Collections::emptyMap (4 bytes)
Event: 1.372 Thread 0x000002487075b3e0 nmethod 1265 0x0000024859c73a88 code [0x0000024859c73ba0, 0x0000024859c73c90]
Event: 1.373 Thread 0x000002487075b3e0 1266       3       sun.nio.cs.StreamDecoder::lockedRead (189 bytes)
Event: 1.375 Thread 0x000002487075b3e0 nmethod 1266 0x0000024859c73d88 code [0x0000024859c73f80, 0x0000024859c749a0]
Event: 1.376 Thread 0x000002487075dcc0 nmethod 1231 0x00000248615cc388 code [0x00000248615cc4e0, 0x00000248615cca18]
Event: 1.376 Thread 0x000002487075dcc0 1267       4       sun.nio.cs.StreamDecoder::ensureOpen (18 bytes)
Event: 1.377 Thread 0x000002487075dcc0 nmethod 1267 0x00000248615ccb08 code [0x00000248615ccc00, 0x00000248615ccc98]
Event: 1.377 Thread 0x000002487075dcc0 1232       4       org.codehaus.plexus.util.InterpolationFilterReader::read (477 bytes)
Event: 1.377 Thread 0x000002487075b3e0 1268 %     3       org.codehaus.plexus.util.InterpolationFilterReader::read @ 3 (48 bytes)
Event: 1.378 Thread 0x000002487075b3e0 nmethod 1268% 0x0000024859c74a08 code [0x0000024859c74b60, 0x0000024859c74f48]
Event: 1.378 Thread 0x000002487075b3e0 1269       3       org.codehaus.plexus.util.InterpolationFilterReader::read (48 bytes)
Event: 1.379 Thread 0x000002487075b3e0 nmethod 1269 0x0000024859c74f88 code [0x0000024859c750e0, 0x0000024859c753d8]

GC Heap History (1 events):
Event: 1.382 GC heap before
{Heap before GC invocations=0 (full 0):
 garbage-first heap   total reserved 4147200K, committed 260096K, used 24576K [0x0000000702e00000, 0x0000000800000000)
  region size 2048K, 12 young (24576K), 0 survivors (0K)
 Metaspace       used 5952K, committed 6144K, reserved 1114112K
  class space    used 731K, committed 832K, reserved 1048576K
}

Dll operation events (8 events):
Event: 0.016 Loaded shared library C:\Program Files\Java\jdk-23\bin\java.dll
Event: 0.077 Loaded shared library C:\Program Files\Java\jdk-23\bin\jsvml.dll
Event: 0.107 Loaded shared library C:\Program Files\Java\jdk-23\bin\net.dll
Event: 0.110 Loaded shared library C:\Program Files\Java\jdk-23\bin\nio.dll
Event: 0.115 Loaded shared library C:\Program Files\Java\jdk-23\bin\zip.dll
Event: 0.336 Loaded shared library C:\Program Files\Java\jdk-23\bin\jimage.dll
Event: 0.337 Loaded shared library C:\Program Files\NetBeans-23\netbeans\java\maven\lib\jansi-native\Windows\x86_64\jansi.dll
Event: 0.359 Loaded shared library C:\Program Files\Java\jdk-23\bin\verify.dll

Deoptimization events (20 events):
Event: 1.253 Thread 0x000002484eff50b0 Uncommon trap: trap_request=0xffffff6e fr.pc=0x00000248615a56bc relative=0x000000000000049c
Event: 1.253 Thread 0x000002484eff50b0 Uncommon trap: reason=loop_limit_check action=maybe_recompile pc=0x00000248615a56bc method=java.lang.StringLatin1.indexOf([BI[BII)I @ 37 c2
Event: 1.253 Thread 0x000002484eff50b0 DEOPT PACKING pc=0x00000248615a56bc sp=0x000000f3e4cfdd60
Event: 1.253 Thread 0x000002484eff50b0 DEOPT UNPACKING pc=0x0000024861034402 sp=0x000000f3e4cfdcc0 mode 2
Event: 1.256 Thread 0x000002484eff50b0 Uncommon trap: trap_request=0xffffff76 fr.pc=0x000002486159d58c relative=0x000000000000032c
Event: 1.256 Thread 0x000002484eff50b0 Uncommon trap: reason=predicate action=maybe_recompile pc=0x000002486159d58c method=java.util.regex.Pattern$BmpCharPropertyGreedy.match(Ljava/util/regex/Matcher;ILjava/lang/CharSequence;)Z @ 12 c2
Event: 1.256 Thread 0x000002484eff50b0 DEOPT PACKING pc=0x000002486159d58c sp=0x000000f3e4cfdfa0
Event: 1.256 Thread 0x000002484eff50b0 DEOPT UNPACKING pc=0x0000024861034402 sp=0x000000f3e4cfdf58 mode 2
Event: 1.257 Thread 0x000002484eff50b0 Uncommon trap: trap_request=0xffffff45 fr.pc=0x0000024861597c3c relative=0x00000000000000bc
Event: 1.257 Thread 0x000002484eff50b0 Uncommon trap: reason=unstable_if action=reinterpret pc=0x0000024861597c3c method=org.codehaus.plexus.util.xml.pull.MXParser.more()C @ 8 c2
Event: 1.257 Thread 0x000002484eff50b0 DEOPT PACKING pc=0x0000024861597c3c sp=0x000000f3e4cfe360
Event: 1.257 Thread 0x000002484eff50b0 DEOPT UNPACKING pc=0x0000024861034402 sp=0x000000f3e4cfe2f0 mode 2
Event: 1.361 Thread 0x000002484eff50b0 Uncommon trap: trap_request=0xffffff45 fr.pc=0x00000248615c8154 relative=0x0000000000001a14
Event: 1.361 Thread 0x000002484eff50b0 Uncommon trap: reason=unstable_if action=reinterpret pc=0x00000248615c8154 method=java.nio.charset.CoderResult.isOverflow()Z @ 5 c2
Event: 1.361 Thread 0x000002484eff50b0 DEOPT PACKING pc=0x00000248615c8154 sp=0x000000f3e4cfdcf0
Event: 1.361 Thread 0x000002484eff50b0 DEOPT UNPACKING pc=0x0000024861034402 sp=0x000000f3e4cfd870 mode 2
Event: 1.373 Thread 0x000002484eff50b0 Uncommon trap: trap_request=0xffffff45 fr.pc=0x00000248615cadd0 relative=0x0000000000001810
Event: 1.373 Thread 0x000002484eff50b0 Uncommon trap: reason=unstable_if action=reinterpret pc=0x00000248615cadd0 method=java.nio.charset.CoderResult.isOverflow()Z @ 5 c2
Event: 1.373 Thread 0x000002484eff50b0 DEOPT PACKING pc=0x00000248615cadd0 sp=0x000000f3e4cfde40
Event: 1.373 Thread 0x000002484eff50b0 DEOPT UNPACKING pc=0x0000024861034402 sp=0x000000f3e4cfda70 mode 2

Classes loaded (20 events):
Event: 1.195 Loading class java/util/concurrent/CancellationException
Event: 1.195 Loading class java/util/concurrent/CancellationException done
Event: 1.196 Loading class java/security/PrivilegedActionException
Event: 1.196 Loading class java/security/PrivilegedActionException done
Event: 1.197 Loading class sun/misc/Unsafe
Event: 1.197 Loading class sun/misc/Unsafe done
Event: 1.198 Loading class sun/misc/Unsafe$MemoryAccessOption
Event: 1.198 Loading class sun/misc/Unsafe$MemoryAccessOption done
Event: 1.199 Loading class java/lang/invoke/DirectMethodHandle$StaticAccessor
Event: 1.200 Loading class java/lang/invoke/DirectMethodHandle$StaticAccessor done
Event: 1.212 Loading class java/lang/reflect/ParameterizedType
Event: 1.212 Loading class java/lang/reflect/ParameterizedType done
Event: 1.218 Loading class java/lang/reflect/WildcardType
Event: 1.218 Loading class java/lang/reflect/WildcardType done
Event: 1.222 Loading class sun/reflect/generics/tree/TypeVariableSignature
Event: 1.222 Loading class sun/reflect/generics/tree/TypeVariableSignature done
Event: 1.246 Loading class java/lang/annotation/IncompleteAnnotationException
Event: 1.246 Loading class java/lang/annotation/IncompleteAnnotationException done
Event: 1.325 Loading class java/lang/foreign/MemorySegment
Event: 1.325 Loading class java/lang/foreign/MemorySegment done

Classes unloaded (0 events):
No events

Classes redefined (0 events):
No events

Internal exceptions (20 events):
Event: 0.344 Thread 0x000002484eff50b0 Exception <a 'java/lang/NullPointerException'{0x00000007126f6e80}> (0x00000007126f6e80) 
thrown [s\open\src\hotspot\share\interpreter\linkResolver.cpp, line 1389]
Event: 0.344 Thread 0x000002484eff50b0 Exception <a 'java/lang/NullPointerException'{0x00000007126f7160}> (0x00000007126f7160) 
thrown [s\open\src\hotspot\share\interpreter\linkResolver.cpp, line 1389]
Event: 0.344 Thread 0x000002484eff50b0 Exception <a 'java/lang/NullPointerException'{0x00000007126f7440}> (0x00000007126f7440) 
thrown [s\open\src\hotspot\share\interpreter\linkResolver.cpp, line 1389]
Event: 0.344 Thread 0x000002484eff50b0 Exception <a 'java/lang/NullPointerException'{0x00000007126f7720}> (0x00000007126f7720) 
thrown [s\open\src\hotspot\share\interpreter\linkResolver.cpp, line 1389]
Event: 0.356 Thread 0x000002484eff50b0 Exception <a 'sun/nio/fs/WindowsException'{0x000000071279cfe8}> (0x000000071279cfe8) 
thrown [s\open\src\hotspot\share\prims\jni.cpp, line 520]
Event: 0.356 Thread 0x000002484eff50b0 Exception <a 'sun/nio/fs/WindowsException'{0x000000071279d760}> (0x000000071279d760) 
thrown [s\open\src\hotspot\share\prims\jni.cpp, line 520]
Event: 0.357 Thread 0x000002484eff50b0 Exception <a 'sun/nio/fs/WindowsException'{0x000000071279dd50}> (0x000000071279dd50) 
thrown [s\open\src\hotspot\share\prims\jni.cpp, line 520]
Event: 0.357 Thread 0x000002484eff50b0 Exception <a 'sun/nio/fs/WindowsException'{0x000000071279e2c8}> (0x000000071279e2c8) 
thrown [s\open\src\hotspot\share\prims\jni.cpp, line 520]
Event: 0.357 Thread 0x000002484eff50b0 Exception <a 'sun/nio/fs/WindowsException'{0x000000071279e7d0}> (0x000000071279e7d0) 
thrown [s\open\src\hotspot\share\prims\jni.cpp, line 520]
Event: 0.357 Thread 0x000002484eff50b0 Exception <a 'sun/nio/fs/WindowsException'{0x000000071279ec90}> (0x000000071279ec90) 
thrown [s\open\src\hotspot\share\prims\jni.cpp, line 520]
Event: 0.376 Thread 0x000002484eff50b0 Exception <a 'java/lang/NoSuchMethodError'{0x00000007127eb5a8}: 'void java.lang.invoke.DirectMethodHandle$Holder.invokeStatic(java.lang.Object, java.lang.Object)'> (0x00000007127eb5a8) 
thrown [s\open\src\hotspot\share\interpreter\linkResolver.cpp, line 796]
Event: 0.377 Thread 0x000002484eff50b0 Exception <a 'java/lang/NoSuchMethodError'{0x00000007127eec00}: 'void java.lang.invoke.DirectMethodHandle$Holder.invokeStaticInit(java.lang.Object, java.lang.Object)'> (0x00000007127eec00) 
thrown [s\open\src\hotspot\share\interpreter\linkResolver.cpp, line 796]
Event: 0.553 Thread 0x000002484eff50b0 Exception <a 'java/lang/NoSuchMethodError'{0x00000007125a3e38}: 'java.lang.Object java.lang.invoke.DirectMethodHandle$Holder.invokeSpecialIFC(java.lang.Object, java.lang.Object, java.lang.Object, java.lang.Object)'> (0x00000007125a3e38) 
thrown [s\open\src\hotspot\share\interpreter\linkResolver.cpp, line 796]
Event: 0.942 Thread 0x000002484eff50b0 Exception <a 'java/lang/NoSuchMethodError'{0x0000000711f45898}: 'void java.lang.invoke.DirectMethodHandle$Holder.invokeSpecial(java.lang.Object, java.lang.Object, java.lang.Object)'> (0x0000000711f45898) 
thrown [s\open\src\hotspot\share\interpreter\linkResolver.cpp, line 796]
Event: 1.002 Thread 0x000002484eff50b0 Exception <a 'java/lang/NoSuchMethodError'{0x0000000711c91020}: 'java.lang.Object java.lang.invoke.DirectMethodHandle$Holder.invokeInterface(java.lang.Object, java.lang.Object)'> (0x0000000711c91020) 
thrown [s\open\src\hotspot\share\interpreter\linkResolver.cpp, line 796]
Event: 1.031 Thread 0x000002484eff50b0 Exception <a 'java/lang/NoSuchMethodError'{0x0000000711d2a040}: 'int java.lang.invoke.DirectMethodHandle$Holder.invokeStatic(java.lang.Object, java.lang.Object, java.lang.Object, java.lang.Object)'> (0x0000000711d2a040) 
thrown [s\open\src\hotspot\share\interpreter\linkResolver.cpp, line 796]
Event: 1.035 Thread 0x000002484eff50b0 Exception <a 'java/lang/NoSuchMethodError'{0x0000000711d38990}: 'int java.lang.invoke.DirectMethodHandle$Holder.invokeSpecialIFC(java.lang.Object, java.lang.Object, java.lang.Object, java.lang.Object, java.lang.Object)'> (0x0000000711d38990) 
thrown [s\open\src\hotspot\share\interpreter\linkResolver.cpp, line 796]
Event: 1.136 Thread 0x000002484eff50b0 Exception <a 'java/lang/NoSuchMethodError'{0x0000000711aca848}: 'void java.lang.invoke.DirectMethodHandle$Holder.invokeStatic(java.lang.Object, int, java.lang.Object)'> (0x0000000711aca848) 
thrown [s\open\src\hotspot\share\interpreter\linkResolver.cpp, line 796]
Event: 1.232 Thread 0x000002484eff50b0 Exception <a 'java/lang/NoSuchMethodError'{0x0000000711837ea0}: 'int java.lang.invoke.DirectMethodHandle$Holder.invokeStaticInit(java.lang.Object, java.lang.Object)'> (0x0000000711837ea0) 
thrown [s\open\src\hotspot\share\interpreter\linkResolver.cpp, line 796]
Event: 1.247 Thread 0x000002484eff50b0 Exception <a 'java/lang/NoClassDefFoundError'{0x000000071186d610}: javax/enterprise/inject/Typed> (0x000000071186d610) 
thrown [s\open\src\hotspot\share\classfile\systemDictionary.cpp, line 302]

VM Operations (7 events):
Event: 0.117 Executing VM operation: HandshakeAllThreads (Deoptimize)
Event: 0.117 Executing VM operation: HandshakeAllThreads (Deoptimize) done
Event: 0.326 Executing VM operation: HandshakeAllThreads (Deoptimize)
Event: 0.326 Executing VM operation: HandshakeAllThreads (Deoptimize) done
Event: 0.341 Executing VM operation: HandshakeAllThreads (Deoptimize)
Event: 0.341 Executing VM operation: HandshakeAllThreads (Deoptimize) done
Event: 1.382 Executing VM operation: G1CollectForAllocation (G1 Evacuation Pause)

Memory protections (0 events):
No events

Nmethod flushes (0 events):
No events

Events (15 events):
Event: 0.048 Thread 0x000002484eff50b0 Thread added: 0x000002484eff50b0
Event: 0.072 Thread 0x000002484eff50b0 Thread added: 0x0000024870741ca0
Event: 0.073 Thread 0x000002484eff50b0 Thread added: 0x0000024870742ac0
Event: 0.073 Thread 0x000002484eff50b0 Thread added: 0x0000024870745100
Event: 0.073 Thread 0x000002484eff50b0 Thread added: 0x0000024870747b70
Event: 0.073 Thread 0x000002484eff50b0 Thread added: 0x0000024870748be0
Event: 0.073 Thread 0x000002484eff50b0 Thread added: 0x0000024870751780
Event: 0.073 Thread 0x000002484eff50b0 Thread added: 0x0000024870759e00
Event: 0.074 Thread 0x000002484eff50b0 Thread added: 0x000002487075b3e0
Event: 0.100 Thread 0x000002484eff50b0 Thread added: 0x00000248451269e0
Event: 0.104 Thread 0x000002484eff50b0 Thread added: 0x0000024845127070
Event: 0.332 Thread 0x000002484eff50b0 Thread added: 0x0000024845125630
Event: 0.345 Thread 0x0000024845125630 Thread exited: 0x0000024845125630
Event: 0.652 Thread 0x000002487075b3e0 Thread added: 0x000002487075dcc0
Event: 1.307 Thread 0x000002487075b3e0 Thread added: 0x000002487075ad10


Dynamic libraries:
0x00007ff79f5d0000 - 0x00007ff79f5e0000 	C:\Program Files\Java\jdk-23\bin\java.exe
0x00007fff39710000 - 0x00007fff39927000 	C:\WINDOWS\SYSTEM32\ntdll.dll
0x00007fff37da0000 - 0x00007fff37e64000 	C:\WINDOWS\System32\KERNEL32.DLL
0x00007fff36a40000 - 0x00007fff36df9000 	C:\WINDOWS\System32\KERNELBASE.dll
0x00007fff36fd0000 - 0x00007fff370e1000 	C:\WINDOWS\System32\ucrtbase.dll
0x00007fff31db0000 - 0x00007fff31dcb000 	C:\Program Files\Java\jdk-23\bin\VCRUNTIME140.dll
0x00007fff22450000 - 0x00007fff22467000 	C:\Program Files\Java\jdk-23\bin\jli.dll
0x00007fff39500000 - 0x00007fff396ae000 	C:\WINDOWS\System32\USER32.dll
0x00007fff370f0000 - 0x00007fff37116000 	C:\WINDOWS\System32\win32u.dll
0x00007fff386f0000 - 0x00007fff38719000 	C:\WINDOWS\System32\GDI32.dll
0x00007fff1eac0000 - 0x00007fff1ed52000 	C:\WINDOWS\WinSxS\amd64_microsoft.windows.common-controls_6595b64144ccf1df_6.0.22621.4391_none_2715d37f73803e96\COMCTL32.dll
0x00007fff37120000 - 0x00007fff3723b000 	C:\WINDOWS\System32\gdi32full.dll
0x00007fff37670000 - 0x00007fff37717000 	C:\WINDOWS\System32\msvcrt.dll
0x00007fff36f30000 - 0x00007fff36fca000 	C:\WINDOWS\System32\msvcp_win.dll
0x00007fff39390000 - 0x00007fff393c1000 	C:\WINDOWS\System32\IMM32.DLL
0x00007fff30af0000 - 0x00007fff30afc000 	C:\Program Files\Java\jdk-23\bin\vcruntime140_1.dll
0x00007fff1ce00000 - 0x00007fff1ce8e000 	C:\Program Files\Java\jdk-23\bin\msvcp140.dll
0x00007ffef04f0000 - 0x00007ffef123f000 	C:\Program Files\Java\jdk-23\bin\server\jvm.dll
0x00007fff37b60000 - 0x00007fff37c12000 	C:\WINDOWS\System32\ADVAPI32.dll
0x00007fff37720000 - 0x00007fff377c7000 	C:\WINDOWS\System32\sechost.dll
0x00007fff36a10000 - 0x00007fff36a38000 	C:\WINDOWS\System32\bcrypt.dll
0x00007fff393d0000 - 0x00007fff394e4000 	C:\WINDOWS\System32\RPCRT4.dll
0x00007fff37580000 - 0x00007fff375f1000 	C:\WINDOWS\System32\WS2_32.dll
0x00007fff36730000 - 0x00007fff3677d000 	C:\WINDOWS\SYSTEM32\POWRPROF.dll
0x00007fff312e0000 - 0x00007fff31314000 	C:\WINDOWS\SYSTEM32\WINMM.dll
0x00007fff25e40000 - 0x00007fff25e4a000 	C:\WINDOWS\SYSTEM32\VERSION.dll
0x00007fff36710000 - 0x00007fff36723000 	C:\WINDOWS\SYSTEM32\UMPDC.dll
0x00007fff35a10000 - 0x00007fff35a28000 	C:\WINDOWS\SYSTEM32\kernel.appcore.dll
0x00007fff30ae0000 - 0x00007fff30aea000 	C:\Program Files\Java\jdk-23\bin\jimage.dll
0x00007fff33da0000 - 0x00007fff33fd2000 	C:\WINDOWS\SYSTEM32\DBGHELP.DLL
0x00007fff377d0000 - 0x00007fff37b5f000 	C:\WINDOWS\System32\combase.dll
0x00007fff38ed0000 - 0x00007fff38fa7000 	C:\WINDOWS\System32\OLEAUT32.dll
0x00007fff09040000 - 0x00007fff09072000 	C:\WINDOWS\SYSTEM32\dbgcore.DLL
0x00007fff373b0000 - 0x00007fff3742b000 	C:\WINDOWS\System32\bcryptPrimitives.dll
0x00007fff2ecb0000 - 0x00007fff2ecce000 	C:\Program Files\Java\jdk-23\bin\java.dll
0x00007fff387e0000 - 0x00007fff38985000 	C:\WINDOWS\System32\ole32.dll
0x00007fff37e70000 - 0x00007fff386e6000 	C:\WINDOWS\System32\SHELL32.dll
0x00007fff34900000 - 0x00007fff35203000 	C:\WINDOWS\SYSTEM32\windows.storage.dll
0x00007fff347c0000 - 0x00007fff348ff000 	C:\WINDOWS\SYSTEM32\wintypes.dll
0x00007fff37430000 - 0x00007fff37529000 	C:\WINDOWS\System32\SHCORE.dll
0x00007fff39330000 - 0x00007fff3938e000 	C:\WINDOWS\System32\shlwapi.dll
0x00007fff36940000 - 0x00007fff3696b000 	C:\WINDOWS\SYSTEM32\profapi.dll
0x00007fff17eb0000 - 0x00007fff17f87000 	C:\Program Files\Java\jdk-23\bin\jsvml.dll
0x00007fff2f070000 - 0x00007fff2f080000 	C:\Program Files\Java\jdk-23\bin\net.dll
0x00007fff35e80000 - 0x00007fff35ee9000 	C:\WINDOWS\system32\mswsock.dll
0x00007fff2e300000 - 0x00007fff2e316000 	C:\Program Files\Java\jdk-23\bin\nio.dll
0x00007fff2ad40000 - 0x00007fff2ad57000 	C:\Program Files\Java\jdk-23\bin\zip.dll
0x00007fff1cf70000 - 0x00007fff1cf94000 	C:\Program Files\NetBeans-23\netbeans\java\maven\lib\jansi-native\Windows\x86_64\jansi.dll
0x00007fff2f050000 - 0x00007fff2f060000 	C:\Program Files\Java\jdk-23\bin\verify.dll

dbghelp: loaded successfully - version: 4.0.5 - missing functions: none
symbol engine: initialized successfully - sym options: 0x614 - pdb path: .;C:\Program Files\Java\jdk-23\bin;C:\WINDOWS\SYSTEM32;C:\WINDOWS\WinSxS\amd64_microsoft.windows.common-controls_6595b64144ccf1df_6.0.22621.4391_none_2715d37f73803e96;C:\Program Files\Java\jdk-23\bin\server;C:\Program Files\NetBeans-23\netbeans\java\maven\lib\jansi-native\Windows\x86_64

VM Arguments:
jvm_args: -Dclassworlds.conf=C:\Program Files\NetBeans-23\netbeans\java\maven\bin\m2.conf -Dmaven.home=C:\Program Files\NetBeans-23\netbeans\java\maven -Dlibrary.jansi.path=C:\Program Files\NetBeans-23\netbeans\java\maven\lib\jansi-native -Dmaven.multiModuleProjectDirectory=C:\Users\Administrator\Desktop\INGANZAMARUMPU\biblioplus2 
java_command: org.codehaus.plexus.classworlds.launcher.Launcher -Dmaven.ext.class.path=C:\Program Files\NetBeans-23\netbeans\java\maven-nblib\netbeans-eventspy.jar --no-transfer-progress install
java_class_path (initial): C:\Program Files\NetBeans-23\netbeans\java\maven\boot\plexus-classworlds-2.8.0.jar
Launcher Type: SUN_STANDARD

[Global flags]
     intx CICompilerCount                          = 4                                         {product} {ergonomic}
     uint ConcGCThreads                            = 2                                         {product} {ergonomic}
     uint G1ConcRefinementThreads                  = 8                                         {product} {ergonomic}
   size_t G1HeapRegionSize                         = 2097152                                   {product} {ergonomic}
   size_t InitialHeapSize                          = 266338304                                 {product} {ergonomic}
   size_t MarkStackSize                            = 4194304                                   {product} {ergonomic}
   size_t MarkStackSizeMax                         = 536870912                                 {product} {ergonomic}
   size_t MaxHeapSize                              = 4246732800                                {product} {ergonomic}
   size_t MaxNewSize                               = 2548039680                                {product} {ergonomic}
   size_t MinHeapDeltaBytes                        = 2097152                                   {product} {ergonomic}
   size_t MinHeapSize                              = 8388608                                   {product} {ergonomic}
    uintx NonNMethodCodeHeapSize                   = 5832704                                {pd product} {ergonomic}
    uintx NonProfiledCodeHeapSize                  = 122945536                              {pd product} {ergonomic}
    uintx ProfiledCodeHeapSize                     = 122880000                              {pd product} {ergonomic}
    uintx ReservedCodeCacheSize                    = 251658240                              {pd product} {ergonomic}
     bool SegmentedCodeCache                       = true                                      {product} {ergonomic}
   size_t SoftMaxHeapSize                          = 4246732800                             {manageable} {ergonomic}
     bool UseCompressedOops                        = true                           {product lp64_product} {ergonomic}
     bool UseG1GC                                  = true                                      {product} {ergonomic}
     bool UseLargePagesIndividualAllocation        = false                                  {pd product} {ergonomic}

Logging:
Log output configuration:
 #0: stdout all=warning uptime,level,tags foldmultilines=false
 #1: stderr all=off uptime,level,tags foldmultilines=false

Environment Variables:
JAVA_HOME=C:\Program Files\Java\jdk-23
PATH=C:\Program Files\Common Files\Oracle\Java\javapath;C:\Program Files (x86)\VMware\VMware Player\bin\;C:\Python312\Scripts\;C:\Python312\;C:\Program Files (x86)\Common Files\Intel\Shared Libraries\redist\intel64\compiler;C:\WINDOWS\system32;C:\WINDOWS;C:\WINDOWS\System32\Wbem;C:\WINDOWS\System32\WindowsPowerShell\v1.0\;C:\WINDOWS\System32\OpenSSH\;C:\Program Files\nodejs\;C:\ProgramData\chocolatey\bin;C:\Program Files\Git\cmd;C:\Users\Administrator\AppData\Local\Programs\Python\Python313\Scripts\;C:\Users\Administrator\AppData\Local\Programs\Python\Python313\;C:\Users\Administrator\AppData\Local\Microsoft\WindowsApps;C:\Users\Administrator\AppData\Local\Programs\Microsoft VS Code\bin;C:\wamp64\bin\mariadb\mariadb11.3.2\bin;
USERNAME=Administrator
OS=Windows_NT
PROCESSOR_IDENTIFIER=Intel64 Family 6 Model 142 Stepping 12, GenuineIntel
TMP=C:\Users\ADMINI~1\AppData\Local\Temp
TEMP=C:\Users\ADMINI~1\AppData\Local\Temp




Periodic native trim disabled

---------------  S Y S T E M  ---------------

OS:
 Windows 11 , 64 bit Build 22621 (10.0.22621.4391)
OS uptime: 0 days 9:01 hours
Hyper-V role detected

CPU: total 8 (initial active 8) (4 cores per cpu, 2 threads per core) family 6 model 142 stepping 12 microcode 0xf8, cx8, cmov, fxsr, ht, mmx, 3dnowpref, sse, sse2, sse3, ssse3, sse4.1, sse4.2, popcnt, lzcnt, tsc, tscinvbit, avx, avx2, aes, erms, clmul, bmi1, bmi2, adx, fma, vzeroupper, clflush, clflushopt, hv, rdtscp, f16c
Processor Information for processor 0
  Max Mhz: 2112, Current Mhz: 1910, Mhz Limit: 1900
Processor Information for processor 1
  Max Mhz: 2112, Current Mhz: 1910, Mhz Limit: 1900
Processor Information for processor 2
  Max Mhz: 2112, Current Mhz: 1910, Mhz Limit: 1900
Processor Information for processor 3
  Max Mhz: 2112, Current Mhz: 1508, Mhz Limit: 1900
Processor Information for processor 4
  Max Mhz: 2112, Current Mhz: 1508, Mhz Limit: 1900
Processor Information for processor 5
  Max Mhz: 2112, Current Mhz: 1508, Mhz Limit: 1900
Processor Information for processor 6
  Max Mhz: 2112, Current Mhz: 1910, Mhz Limit: 1900
Processor Information for processor 7
  Max Mhz: 2112, Current Mhz: 1910, Mhz Limit: 1900

Memory: 4k page, system-wide physical 16198M (8201M free)
TotalPageFile size 17222M (AvailPageFile size 7758M)
current process WorkingSet (physical memory assigned to process): 91M, peak: 92M
current process commit charge ("private bytes"): 364M, peak: 365M

vm_info: Java HotSpot(TM) 64-Bit Server VM (23.0.1+11-39) for windows-amd64 JRE (23.0.1+11-39), built on 2024-09-30T07:20:43Z with MS VC++ 17.6 (VS2022)

END.
